[22:48:25.823][info] [#0:/home/henry/.local/share/nvim/mason/packages/lua-language-server/libexec/main.lua:68]: Lua Lsp startup, root: 	/home/henry/.local/share/nvim/mason/packages/lua-language-server/libexec
[22:48:25.823][info] [#0:/home/henry/.local/share/nvim/mason/packages/lua-language-server/libexec/main.lua:69]: ROOT:	/home/henry/.local/share/nvim/mason/packages/lua-language-server/libexec
[22:48:25.823][info] [#0:/home/henry/.local/share/nvim/mason/packages/lua-language-server/libexec/main.lua:70]: LOGPATH:	/home/henry/.local/share/nvim/mason/packages/lua-language-server/libexec/log
[22:48:25.823][info] [#0:/home/henry/.local/share/nvim/mason/packages/lua-language-server/libexec/main.lua:71]: METAPATH:	/home/henry/.local/share/nvim/mason/packages/lua-language-server/libexec/meta
[22:48:25.823][info] [#0:/home/henry/.local/share/nvim/mason/packages/lua-language-server/libexec/main.lua:72]: VERSION:	3.15.0
[22:48:25.849][info] [#0:script/proto/proto.lua:260]: Listen Mode: stdio
[22:48:25.849][info] [#0:script/service/service.lua:145]: 
========= Medical Examination Report =========
    --------------- Memory ---------------
        Total: 2.265 MB
        # 00 : 2.265 MB
        # 01 : 0.000 MB
        # 02 : 0.000 MB
        # 03 : 0.000 MB
        # 04 : 0.000 MB
    --------------- Coroutine ---------------
        Total:     0
        Running:   0
        Suspended: 0
        Normal:    0
        Dead:      0
    --------------- Cache ---------------
        Total: 1
        Dead:  0
    ---------------  RPC  ---------------
        Holdon:   0
        Waiting:  0
==============================================
[22:48:25.957][info] [#0:script/client.lua:657]: Client init	{
  capabilities = {
    general = {
      positionEncodings = { "utf-8", "utf-16", "utf-32" }
    },
    textDocument = {
      callHierarchy = {
        dynamicRegistration = false
      },
      codeAction = {
        codeActionLiteralSupport = {
          codeActionKind = {
            valueSet = { "", "quickfix", "refactor", "refactor.extract", "refactor.inline", "refactor.rewrite", "source", "source.organizeImports" }
          }
        },
        dataSupport = true,
        dynamicRegistration = true,
        isPreferredSupport = true,
        resolveSupport = {
          properties = { "edit", "command" }
        }
      },
      codeLens = {
        dynamicRegistration = false,
        resolveSupport = {
          properties = { "command" }
        }
      },
      completion = {
        completionItem = {
          commitCharactersSupport = false,
          deprecatedSupport = true,
          documentationFormat = { "markdown", "plaintext" },
          insertReplaceSupport = true,
          insertTextModeSupport = {
            valueSet = { 1 }
          },
          labelDetailsSupport = true,
          preselectSupport = false,
          resolveSupport = {
            properties = { "documentation", "detail", "additionalTextEdits", "command", "data" }
          },
          snippetSupport = true,
          tagSupport = {
            valueSet = { 1 }
          }
        },
        completionItemKind = {
          valueSet = { 1, 2, 3, 4, 5, 6, 7, 8, 9, 10, 11, 12, 13, 14, 15, 16, 17, 18, 19, 20, 21, 22, 23, 24, 25 }
        },
        completionList = {
          itemDefaults = { "commitCharacters", "editRange", "insertTextFormat", "insertTextMode", "data" }
        },
        contextSupport = true,
        dynamicRegistration = false,
        insertTextMode = 1
      },
      declaration = {
        linkSupport = true
      },
      definition = {
        dynamicRegistration = true,
        linkSupport = true
      },
      diagnostic = {
        dynamicRegistration = false,
        tagSupport = {
          valueSet = { 1, 2 }
        }
      },
      documentHighlight = {
        dynamicRegistration = false
      },
      documentSymbol = {
        dynamicRegistration = false,
        hierarchicalDocumentSymbolSupport = true,
        symbolKind = {
          valueSet = { 1, 2, 3, 4, 5, 6, 7, 8, 9, 10, 11, 12, 13, 14, 15, 16, 17, 18, 19, 20, 21, 22, 23, 24, 25, 26 }
        }
      },
      foldingRange = {
        dynamicRegistration = false,
        foldingRange = {
          collapsedText = true
        },
        foldingRangeKind = {
          valueSet = { "comment", "imports", "region" }
        },
        lineFoldingOnly = true
      },
      formatting = {
        dynamicRegistration = true
      },
      hover = {
        contentFormat = { "markdown", "plaintext" },
        dynamicRegistration = true
      },
      implementation = {
        linkSupport = true
      },
      inlayHint = {
        dynamicRegistration = true,
        resolveSupport = {
          properties = { "textEdits", "tooltip", "location", "command" }
        }
      },
      publishDiagnostics = {
        dataSupport = true,
        relatedInformation = true,
        tagSupport = {
          valueSet = { 1, 2 }
        }
      },
      rangeFormatting = {
        dynamicRegistration = true,
        rangesSupport = true
      },
      references = {
        dynamicRegistration = false
      },
      rename = {
        dynamicRegistration = true,
        prepareSupport = true
      },
      semanticTokens = {
        augmentsSyntaxTokens = true,
        dynamicRegistration = false,
        formats = { "relative" },
        multilineTokenSupport = false,
        overlappingTokenSupport = true,
        requests = {
          full = {
            delta = true
          },
          range = false
        },
        serverCancelSupport = false,
        tokenModifiers = { "declaration", "definition", "readonly", "static", "deprecated", "abstract", "async", "modification", "documentation", "defaultLibrary" },
        tokenTypes = { "namespace", "type", "class", "enum", "interface", "struct", "typeParameter", "parameter", "variable", "property", "enumMember", "event", "function", "method", "macro", "keyword", "modifier", "comment", "string", "number", "regexp", "operator", "decorator" }
      },
      signatureHelp = {
        dynamicRegistration = false,
        signatureInformation = {
          activeParameterSupport = true,
          documentationFormat = { "markdown", "plaintext" },
          parameterInformation = {
            labelOffsetSupport = true
          }
        }
      },
      synchronization = {
        didSave = true,
        dynamicRegistration = false,
        willSave = true,
        willSaveWaitUntil = true
      },
      typeDefinition = {
        linkSupport = true
      }
    },
    window = {
      showDocument = {
        support = true
      },
      showMessage = {
        messageActionItem = {
          additionalPropertiesSupport = true
        }
      },
      workDoneProgress = true
    },
    workspace = {
      applyEdit = true,
      configuration = true,
      didChangeConfiguration = {
        dynamicRegistration = false
      },
      didChangeWatchedFiles = {
        dynamicRegistration = false,
        relativePatternSupport = true
      },
      fileOperations = {
        didRename = true,
        willRename = true
      },
      inlayHint = {
        refreshSupport = true
      },
      semanticTokens = {
        refreshSupport = true
      },
      symbol = {
        dynamicRegistration = false,
        symbolKind = {
          valueSet = { 1, 2, 3, 4, 5, 6, 7, 8, 9, 10, 11, 12, 13, 14, 15, 16, 17, 18, 19, 20, 21, 22, 23, 24, 25, 26 }
        }
      },
      workspaceEdit = {
        resourceOperations = { "rename", "create", "delete" }
      },
      workspaceFolders = true
    }
  },
  clientInfo = {
    name = "Neovim",
    version = "0.11.4"
  },
  processId = 463087,
  rootPath = "/home/henry/dotfiles/neovim/lazyvim/nvim",
  rootUri = "file:///home/henry/dotfiles/neovim/lazyvim/nvim",
  trace = "off",
  workDoneToken = "1",
  workspaceFolders = { {
      name = "/home/henry/dotfiles/neovim/lazyvim/nvim",
      uri = "file:///home/henry/dotfiles/neovim/lazyvim/nvim"
    } }
}
[22:48:25.958][info] [#0:script/language.lua:137]: VSC language: nil
[22:48:25.958][info] [#0:script/language.lua:138]: LS  language: en-us
[22:48:25.958][info] [#0:script/workspace/workspace.lua:38]: Workspace init root: 	file:///home/henry/dotfiles/neovim/lazyvim/nvim
[22:48:25.958][info] [#0:script/workspace/workspace.lua:42]: Log path: 	/home/henry/.local/share/nvim/mason/packages/lua-language-server/libexec/log/file_home_henry_dotfiles_neovim_lazyvim_nvim.log
[22:48:25.959][info] [#0:script/workspace/workspace.lua:48]: Workspace create: 	file:///home/henry/dotfiles/neovim/lazyvim/nvim
[22:48:26.269][info] [#0:script/provider/provider.lua:49]: Load config from client	file:///home/henry/dotfiles/neovim/lazyvim/nvim
[22:48:26.269][info] [#0:script/provider/provider.lua:50]: {
  Lua = {
    codeLens = {
      enable = true
    },
    completion = {
      callSnippet = "Replace"
    },
    doc = {
      privateName = { "^_" }
    },
    hint = {
      arrayIndex = "Disable",
      enable = true,
      paramName = "Disable",
      paramType = true,
      semicolon = "Disable",
      setType = false
    },
    runtime = {
      path = { "?.lua", "?/init.lua" },
      pathStrict = true,
      version = "LuaJIT"
    },
    workspace = {
      checkThirdParty = false,
      ignoreDir = { "/lua" },
      library = { "/usr/share/nvim/runtime/lua", "/home/henry/dotfiles/neovim/lazyvim/nvim/lua" }
    }
  }
}
[22:48:26.270][info] [#0:script/provider/provider.lua:49]: Load config from client	file:///home/henry/dotfiles/neovim/lazyvim/nvim
[22:48:26.271][info] [#0:script/provider/provider.lua:50]: {
  Lua = {
    codeLens = {
      enable = true
    },
    completion = {
      callSnippet = "Replace"
    },
    doc = {
      privateName = { "^_" }
    },
    hint = {
      arrayIndex = "Disable",
      enable = true,
      paramName = "Disable",
      paramType = true,
      semicolon = "Disable",
      setType = false
    },
    runtime = {
      path = { "?.lua", "?/init.lua" },
      pathStrict = true,
      version = "LuaJIT"
    },
    workspace = {
      checkThirdParty = false,
      ignoreDir = { "/lua" },
      library = { "/usr/share/nvim/runtime/lua", "/home/henry/dotfiles/neovim/lazyvim/nvim/lua" }
    }
  }
}
[22:48:26.272][info] [#0:script/provider/provider.lua:49]: Load config from client	file:///home/henry/dotfiles/neovim/lazyvim/nvim
[22:48:26.273][info] [#0:script/provider/provider.lua:50]: {
  Lua = {
    codeLens = {
      enable = true
    },
    completion = {
      callSnippet = "Replace"
    },
    doc = {
      privateName = { "^_" }
    },
    hint = {
      arrayIndex = "Disable",
      enable = true,
      paramName = "Disable",
      paramType = true,
      semicolon = "Disable",
      setType = false
    },
    runtime = {
      path = { "?.lua", "?/init.lua" },
      pathStrict = true,
      version = "LuaJIT"
    },
    workspace = {
      checkThirdParty = false,
      ignoreDir = { "/lua" },
      library = { "/usr/share/nvim/runtime/lua", "/home/henry/dotfiles/neovim/lazyvim/nvim/lua" }
    }
  }
}
[22:48:26.273][warn] [#0:script/config/loader.lua:116]: No config?	{}
[22:48:26.273][info] [#0:script/provider/provider.lua:65]: Load config from client	fallback
[22:48:26.273][info] [#0:script/provider/provider.lua:66]: nil
[22:48:26.273][warn] [#0:script/config/loader.lua:116]: No config?	{}
[22:48:26.273][info] [#0:script/provider/provider.lua:65]: Load config from client	fallback
[22:48:26.274][info] [#0:script/provider/provider.lua:66]: nil
[22:48:26.274][warn] [#0:script/config/loader.lua:116]: No config?	{}
[22:48:26.274][info] [#0:script/provider/provider.lua:65]: Load config from client	fallback
[22:48:26.274][info] [#0:script/provider/provider.lua:66]: nil
[22:48:26.401][info] [#0:script/library.lua:212]: Init builtin library at:	file:///home/henry/dotfiles/neovim/lazyvim/nvim
[22:48:26.423][info] [#0:script/library.lua:212]: Init builtin library at:	nil
[22:48:26.534][info] [#0:script/workspace/workspace.lua:330]: Preload start:	file:///home/henry/dotfiles/neovim/lazyvim/nvim
[22:48:26.558][info] [#0:script/workspace/workspace.lua:336]: Scan files at:	file:///home/henry/dotfiles/neovim/lazyvim/nvim
[22:48:26.560][info] [#0:script/workspace/workspace.lua:330]: Preload start:	<fallback>
[22:48:26.567][info] [#0:script/workspace/workspace.lua:359]: Scan library at:	file:///home/henry/.local/share/nvim/mason/packages/lua-language-server/libexec/meta/Lua%205.4%20en-us%20utf8/debug.lua
[22:48:26.568][info] [#0:script/workspace/workspace.lua:359]: Scan library at:	file:///home/henry/.local/share/nvim/mason/packages/lua-language-server/libexec/meta/Lua%205.4%20en-us%20utf8/builtin.lua
[22:48:26.568][info] [#0:script/workspace/workspace.lua:359]: Scan library at:	file:///home/henry/.local/share/nvim/mason/packages/lua-language-server/libexec/meta/Lua%205.4%20en-us%20utf8/package.lua
[22:48:26.569][info] [#0:script/workspace/workspace.lua:359]: Scan library at:	file:///home/henry/.local/share/nvim/mason/packages/lua-language-server/libexec/meta/Lua%205.4%20en-us%20utf8/coroutine.lua
[22:48:26.569][info] [#0:script/workspace/workspace.lua:359]: Scan library at:	file:///home/henry/.local/share/nvim/mason/packages/lua-language-server/libexec/meta/Lua%205.4%20en-us%20utf8/string.lua
[22:48:26.569][info] [#0:script/workspace/workspace.lua:359]: Scan library at:	file:///home/henry/.local/share/nvim/mason/packages/lua-language-server/libexec/meta/Lua%205.4%20en-us%20utf8/basic.lua
[22:48:26.570][info] [#0:script/workspace/workspace.lua:359]: Scan library at:	file:///home/henry/.local/share/nvim/mason/packages/lua-language-server/libexec/meta/Lua%205.4%20en-us%20utf8/table.lua
[22:48:26.570][info] [#0:script/workspace/workspace.lua:359]: Scan library at:	file:///home/henry/.local/share/nvim/mason/packages/lua-language-server/libexec/meta/Lua%205.4%20en-us%20utf8/math.lua
[22:48:26.570][info] [#0:script/workspace/workspace.lua:359]: Scan library at:	file:///home/henry/.local/share/nvim/mason/packages/lua-language-server/libexec/meta/LuaJIT%20en-us%20utf8/jit/util.lua
[22:48:26.570][info] [#0:script/workspace/workspace.lua:359]: Scan library at:	file:///home/henry/.local/share/nvim/mason/packages/lua-language-server/libexec/meta/Lua%205.4%20en-us%20utf8/utf8.lua
[22:48:26.571][info] [#0:script/workspace/workspace.lua:359]: Scan library at:	file:///home/henry/.local/share/nvim/mason/packages/lua-language-server/libexec/meta/LuaJIT%20en-us%20utf8/table/new.lua
[22:48:26.571][info] [#0:script/workspace/workspace.lua:359]: Scan library at:	file:///home/henry/.local/share/nvim/mason/packages/lua-language-server/libexec/meta/Lua%205.4%20en-us%20utf8/os.lua
[22:48:26.571][info] [#0:script/workspace/workspace.lua:359]: Scan library at:	file:///home/henry/.local/share/nvim/mason/packages/lua-language-server/libexec/meta/LuaJIT%20en-us%20utf8/table.lua
[22:48:26.572][info] [#0:script/workspace/workspace.lua:359]: Scan library at:	file:///home/henry/.local/share/nvim/mason/packages/lua-language-server/libexec/meta/Lua%205.4%20en-us%20utf8/io.lua
[22:48:26.572][info] [#0:script/workspace/workspace.lua:359]: Scan library at:	file:///home/henry/.local/share/nvim/mason/packages/lua-language-server/libexec/meta/LuaJIT%20en-us%20utf8/ffi.lua
[22:48:26.572][info] [#0:script/workspace/workspace.lua:359]: Scan library at:	file:///home/henry/.local/share/nvim/mason/packages/lua-language-server/libexec/meta/LuaJIT%20en-us%20utf8/os.lua
[22:48:26.572][info] [#0:script/workspace/workspace.lua:359]: Scan library at:	file:///home/henry/.local/share/nvim/mason/packages/lua-language-server/libexec/meta/LuaJIT%20en-us%20utf8/table/clear.lua
[22:48:26.573][info] [#0:script/workspace/workspace.lua:359]: Scan library at:	file:///home/henry/.local/share/nvim/mason/packages/lua-language-server/libexec/meta/LuaJIT%20en-us%20utf8/package.lua
[22:48:26.573][info] [#0:script/workspace/workspace.lua:359]: Scan library at:	file:///home/henry/.local/share/nvim/mason/packages/lua-language-server/libexec/meta/LuaJIT%20en-us%20utf8/basic.lua
[22:48:26.573][info] [#0:script/workspace/workspace.lua:359]: Scan library at:	file:///home/henry/.local/share/nvim/mason/packages/lua-language-server/libexec/meta/LuaJIT%20en-us%20utf8/jit.lua
[22:48:26.573][info] [#0:script/workspace/workspace.lua:359]: Scan library at:	file:///home/henry/.local/share/nvim/mason/packages/lua-language-server/libexec/meta/LuaJIT%20en-us%20utf8/string/buffer.lua
[22:48:26.573][info] [#0:script/workspace/workspace.lua:359]: Scan library at:	file:///home/henry/dotfiles/neovim/lazyvim/nvim/lua
[22:48:26.575][info] [#0:script/workspace/workspace.lua:359]: Scan library at:	file:///home/henry/.local/share/nvim/mason/packages/lua-language-server/libexec/meta/LuaJIT%20en-us%20utf8/jit/profile.lua
[22:48:26.575][info] [#0:script/workspace/workspace.lua:359]: Scan library at:	file:///home/henry/.local/share/nvim/mason/packages/lua-language-server/libexec/meta/LuaJIT%20en-us%20utf8/math.lua
[22:48:26.575][info] [#0:script/workspace/workspace.lua:359]: Scan library at:	file:///home/henry/.local/share/nvim/mason/packages/lua-language-server/libexec/meta/LuaJIT%20en-us%20utf8/bit.lua
[22:48:26.575][info] [#0:script/workspace/workspace.lua:359]: Scan library at:	file:///home/henry/.local/share/nvim/mason/packages/lua-language-server/libexec/meta/LuaJIT%20en-us%20utf8/string.lua
[22:48:26.575][info] [#0:script/workspace/workspace.lua:359]: Scan library at:	file:///home/henry/.local/share/nvim/mason/packages/lua-language-server/libexec/meta/LuaJIT%20en-us%20utf8/debug.lua
[22:48:26.575][info] [#0:script/workspace/workspace.lua:359]: Scan library at:	file:///home/henry/.local/share/nvim/mason/packages/lua-language-server/libexec/meta/LuaJIT%20en-us%20utf8/coroutine.lua
[22:48:26.576][info] [#0:script/workspace/workspace.lua:359]: Scan library at:	file:///home/henry/.local/share/nvim/mason/packages/lua-language-server/libexec/meta/LuaJIT%20en-us%20utf8/io.lua
[22:48:26.576][info] [#0:script/workspace/workspace.lua:359]: Scan library at:	file:///usr/share/nvim/runtime/lua
[22:48:26.584][info] [#0:script/workspace/workspace.lua:359]: Scan library at:	file:///home/henry/.local/share/nvim/mason/packages/lua-language-server/libexec/meta/LuaJIT%20en-us%20utf8/builtin.lua
[22:48:26.684][info] [#0:script/workspace/workspace.lua:385]: Found 11 files at:	<fallback>
[22:48:26.684][info] [#0:script/workspace/loading.lua:160]: Load files from disk:	<fallback>
[22:48:26.684][info] [#0:script/workspace/workspace.lua:385]: Found 133 files at:	file:///home/henry/dotfiles/neovim/lazyvim/nvim
[22:48:26.685][info] [#0:script/workspace/loading.lua:160]: Load files from disk:	file:///home/henry/dotfiles/neovim/lazyvim/nvim
[22:48:26.686][info] [#0:script/workspace/loading.lua:100]: Preload file at: file:///home/henry/.local/share/nvim/mason/packages/lua-language-server/libexec/meta/Lua%205.4%20en-us%20utf8/io.lua , size = 6.364 KB
[22:48:26.691][info] [#0:script/workspace/loading.lua:112]: ++++As library of:	file:///home/henry/.local/share/nvim/mason/packages/lua-language-server/libexec/meta/Lua%205.4%20en-us%20utf8/io.lua
[22:48:26.691][info] [#0:script/workspace/loading.lua:100]: Preload file at: file:///home/henry/.local/share/nvim/mason/packages/lua-language-server/libexec/meta/Lua%205.4%20en-us%20utf8/os.lua , size = 5.611 KB
[22:48:26.696][info] [#0:script/workspace/loading.lua:112]: ++++As library of:	file:///home/henry/.local/share/nvim/mason/packages/lua-language-server/libexec/meta/Lua%205.4%20en-us%20utf8/os.lua
[22:48:26.696][info] [#0:script/workspace/loading.lua:100]: Preload file at: file:///usr/share/nvim/runtime/lua/nvim/tutor.lua , size = 2.627 KB
[22:48:26.698][info] [#0:script/workspace/loading.lua:112]: ++++As library of:	file:///usr/share/nvim/runtime/lua
[22:48:26.698][info] [#0:script/workspace/loading.lua:100]: Preload file at: file:///home/henry/.local/share/nvim/mason/packages/lua-language-server/libexec/meta/Lua%205.4%20en-us%20utf8/utf8.lua , size = 2.386 KB
[22:48:26.700][info] [#0:script/workspace/loading.lua:112]: ++++As library of:	file:///home/henry/.local/share/nvim/mason/packages/lua-language-server/libexec/meta/Lua%205.4%20en-us%20utf8/utf8.lua
[22:48:26.700][info] [#0:script/workspace/loading.lua:100]: Preload file at: file:///usr/share/nvim/runtime/lua/vim/_ftplugin/lua.lua , size = 0.540 KB
[22:48:26.700][info] [#0:script/workspace/loading.lua:112]: ++++As library of:	file:///usr/share/nvim/runtime/lua
[22:48:26.700][info] [#0:script/workspace/loading.lua:100]: Preload file at: file:///home/henry/.local/share/nvim/mason/packages/lua-language-server/libexec/meta/Lua%205.4%20en-us%20utf8/math.lua , size = 8.542 KB
[22:48:26.708][info] [#0:script/workspace/loading.lua:112]: ++++As library of:	file:///home/henry/.local/share/nvim/mason/packages/lua-language-server/libexec/meta/Lua%205.4%20en-us%20utf8/math.lua
[22:48:26.708][info] [#0:script/workspace/loading.lua:100]: Preload file at: file:///home/henry/.local/share/nvim/mason/packages/lua-language-server/libexec/meta/LuaJIT%20en-us%20utf8/builtin.lua , size = 0.302 KB
[22:48:26.709][info] [#0:script/workspace/loading.lua:112]: ++++As library of:	file:///home/henry/.local/share/nvim/mason/packages/lua-language-server/libexec/meta/LuaJIT%20en-us%20utf8/builtin.lua
[22:48:26.709][info] [#0:script/workspace/loading.lua:100]: Preload file at: file:///home/henry/.local/share/nvim/mason/packages/lua-language-server/libexec/meta/Lua%205.4%20en-us%20utf8/table.lua , size = 4.445 KB
[22:48:26.712][info] [#0:script/workspace/loading.lua:112]: ++++As library of:	file:///home/henry/.local/share/nvim/mason/packages/lua-language-server/libexec/meta/Lua%205.4%20en-us%20utf8/table.lua
[22:48:26.712][info] [#0:script/workspace/loading.lua:100]: Preload file at: file:///usr/share/nvim/runtime/lua/vim/_meta/api_keysets.lua , size = 9.958 KB
[22:48:26.719][info] [#0:script/workspace/loading.lua:112]: ++++As library of:	file:///usr/share/nvim/runtime/lua
[22:48:26.719][info] [#0:script/workspace/loading.lua:100]: Preload file at: file:///home/henry/.local/share/nvim/mason/packages/lua-language-server/libexec/meta/Lua%205.4%20en-us%20utf8/basic.lua , size = 15.841 KB
[22:48:26.730][info] [#0:script/workspace/loading.lua:112]: ++++As library of:	file:///home/henry/.local/share/nvim/mason/packages/lua-language-server/libexec/meta/Lua%205.4%20en-us%20utf8/basic.lua
[22:48:26.730][info] [#0:script/workspace/loading.lua:100]: Preload file at: file:///usr/share/nvim/runtime/lua/vim/_meta/api.lua , size = 106.050 KB
[22:48:26.767][info] [#0:script/workspace/loading.lua:112]: ++++As library of:	file:///usr/share/nvim/runtime/lua
[22:48:26.767][info] [#0:script/workspace/loading.lua:100]: Preload file at: file:///usr/share/nvim/runtime/lua/vim/_meta/api_keysets_extra.lua , size = 6.957 KB
[22:48:26.771][info] [#0:script/workspace/loading.lua:112]: ++++As library of:	file:///usr/share/nvim/runtime/lua
[22:48:26.771][info] [#0:script/workspace/loading.lua:100]: Preload file at: file:///home/henry/.local/share/nvim/mason/packages/lua-language-server/libexec/meta/Lua%205.4%20en-us%20utf8/string.lua , size = 5.234 KB
[22:48:26.775][info] [#0:script/workspace/loading.lua:112]: ++++As library of:	file:///home/henry/.local/share/nvim/mason/packages/lua-language-server/libexec/meta/Lua%205.4%20en-us%20utf8/string.lua
[22:48:26.775][info] [#0:script/workspace/loading.lua:100]: Preload file at: file:///usr/share/nvim/runtime/lua/vim/_meta/base64.lua , size = 0.307 KB
[22:48:26.775][info] [#0:script/workspace/loading.lua:112]: ++++As library of:	file:///usr/share/nvim/runtime/lua
[22:48:26.775][info] [#0:script/workspace/loading.lua:100]: Preload file at: file:///home/henry/.local/share/nvim/mason/packages/lua-language-server/libexec/meta/Lua%205.4%20en-us%20utf8/coroutine.lua , size = 2.590 KB
[22:48:26.777][info] [#0:script/workspace/loading.lua:112]: ++++As library of:	file:///home/henry/.local/share/nvim/mason/packages/lua-language-server/libexec/meta/Lua%205.4%20en-us%20utf8/coroutine.lua
[22:48:26.777][info] [#0:script/workspace/loading.lua:100]: Preload file at: file:///home/henry/.local/share/nvim/mason/packages/lua-language-server/libexec/meta/Lua%205.4%20en-us%20utf8/package.lua , size = 2.944 KB
[22:48:26.778][info] [#0:script/workspace/loading.lua:112]: ++++As library of:	file:///home/henry/.local/share/nvim/mason/packages/lua-language-server/libexec/meta/Lua%205.4%20en-us%20utf8/package.lua
[22:48:26.778][info] [#0:script/workspace/loading.lua:100]: Preload file at: file:///usr/share/nvim/runtime/lua/vim/_meta/builtin.lua , size = 10.381 KB
[22:48:26.782][info] [#0:script/workspace/loading.lua:112]: ++++As library of:	file:///usr/share/nvim/runtime/lua
[22:48:26.782][info] [#0:script/workspace/loading.lua:100]: Preload file at: file:///home/henry/.local/share/nvim/mason/packages/lua-language-server/libexec/meta/Lua%205.4%20en-us%20utf8/builtin.lua , size = 0.302 KB
[22:48:26.782][info] [#0:script/workspace/loading.lua:112]: ++++As library of:	file:///home/henry/.local/share/nvim/mason/packages/lua-language-server/libexec/meta/Lua%205.4%20en-us%20utf8/builtin.lua
[22:48:26.782][info] [#0:script/workspace/loading.lua:100]: Preload file at: file:///usr/share/nvim/runtime/lua/vim/_meta/builtin_types.lua , size = 8.304 KB
[22:48:26.794][info] [#0:script/workspace/loading.lua:112]: ++++As library of:	file:///usr/share/nvim/runtime/lua
[22:48:26.794][info] [#0:script/workspace/loading.lua:100]: Preload file at: file:///usr/share/nvim/runtime/lua/vim/_meta/diff.lua , size = 2.493 KB
[22:48:26.795][info] [#0:script/workspace/loading.lua:112]: ++++As library of:	file:///usr/share/nvim/runtime/lua
[22:48:26.795][info] [#0:script/workspace/loading.lua:100]: Preload file at: file:///home/henry/.local/share/nvim/mason/packages/lua-language-server/libexec/meta/Lua%205.4%20en-us%20utf8/debug.lua , size = 7.637 KB
[22:48:26.800][info] [#0:script/workspace/loading.lua:112]: ++++As library of:	file:///home/henry/.local/share/nvim/mason/packages/lua-language-server/libexec/meta/Lua%205.4%20en-us%20utf8/debug.lua
[22:48:26.800][info] [#0:script/workspace/loading.lua:100]: Preload file at: file:///usr/share/nvim/runtime/lua/vim/_meta/json.lua , size = 1.537 KB
[22:48:26.800][info] [#0:script/workspace/loading.lua:112]: ++++As library of:	file:///usr/share/nvim/runtime/lua
[22:48:26.800][info] [#0:script/workspace/loading.lua:100]: Preload file at: file:///usr/share/nvim/runtime/lua/vim/_meta/misc.lua , size = 0.291 KB
[22:48:26.801][info] [#0:script/workspace/loading.lua:112]: ++++As library of:	file:///usr/share/nvim/runtime/lua
[22:48:26.801][info] [#0:script/workspace/loading.lua:100]: Preload file at: file:///usr/share/nvim/runtime/lua/vim/_meta/mpack.lua , size = 0.478 KB
[22:48:26.801][info] [#0:script/workspace/loading.lua:112]: ++++As library of:	file:///usr/share/nvim/runtime/lua
[22:48:26.801][info] [#0:script/workspace/loading.lua:100]: Preload file at: file:///usr/share/nvim/runtime/lua/vim/_meta/lpeg.lua , size = 15.348 KB
[22:48:26.806][info] [#0:script/workspace/loading.lua:112]: ++++As library of:	file:///usr/share/nvim/runtime/lua
[22:48:26.806][info] [#0:script/workspace/loading.lua:100]: Preload file at: file:///usr/share/nvim/runtime/lua/vim/_meta/re.lua , size = 2.217 KB
[22:48:26.807][info] [#0:script/workspace/loading.lua:112]: ++++As library of:	file:///usr/share/nvim/runtime/lua
[22:48:26.807][info] [#0:script/workspace/loading.lua:100]: Preload file at: file:///usr/share/nvim/runtime/lua/vim/_meta/regex.lua , size = 1.580 KB
[22:48:26.808][info] [#0:script/workspace/loading.lua:112]: ++++As library of:	file:///usr/share/nvim/runtime/lua
[22:48:26.808][info] [#0:script/workspace/loading.lua:100]: Preload file at: file:///usr/share/nvim/runtime/lua/vim/_meta/spell.lua , size = 0.929 KB
[22:48:26.809][info] [#0:script/workspace/loading.lua:112]: ++++As library of:	file:///usr/share/nvim/runtime/lua
[22:48:26.809][info] [#0:script/workspace/loading.lua:100]: Preload file at: file:///usr/share/nvim/runtime/lua/vim/_meta/options.lua , size = 324.719 KB
[22:48:26.922][info] [#0:script/workspace/loading.lua:112]: ++++As library of:	file:///usr/share/nvim/runtime/lua
[22:48:26.922][info] [#0:script/workspace/loading.lua:100]: Preload file at: file:///usr/share/nvim/runtime/lua/vim/_meta/vvars.lua , size = 26.214 KB
[22:48:26.946][info] [#0:script/workspace/loading.lua:112]: ++++As library of:	file:///usr/share/nvim/runtime/lua
[22:48:26.946][info] [#0:script/workspace/loading.lua:100]: Preload file at: file:///usr/share/nvim/runtime/lua/vim/_meta/vvars_extra.lua , size = 4.056 KB
[22:48:26.948][info] [#0:script/workspace/loading.lua:112]: ++++As library of:	file:///usr/share/nvim/runtime/lua
[22:48:26.948][info] [#0:script/workspace/loading.lua:100]: Preload file at: file:///usr/share/nvim/runtime/lua/vim/deprecated/health.lua , size = 1.260 KB
[22:48:26.950][info] [#0:script/workspace/loading.lua:112]: ++++As library of:	file:///usr/share/nvim/runtime/lua
[22:48:26.950][info] [#0:script/workspace/loading.lua:100]: Preload file at: file:///usr/share/nvim/runtime/lua/vim/filetype/detect.lua , size = 61.322 KB
[22:48:26.985][info] [#0:script/workspace/loading.lua:112]: ++++As library of:	file:///usr/share/nvim/runtime/lua
[22:48:26.985][info] [#0:script/workspace/loading.lua:100]: Preload file at: file:///usr/share/nvim/runtime/lua/vim/filetype/options.lua , size = 2.559 KB
[22:48:26.987][info] [#0:script/workspace/loading.lua:112]: ++++As library of:	file:///usr/share/nvim/runtime/lua
[22:48:26.987][info] [#0:script/workspace/loading.lua:100]: Preload file at: file:///usr/share/nvim/runtime/lua/vim/_meta/vimfn.lua , size = 408.708 KB
[22:48:27.130][info] [#0:script/workspace/loading.lua:112]: ++++As library of:	file:///usr/share/nvim/runtime/lua
[22:48:27.131][info] [#0:script/workspace/loading.lua:172]: Loaded files takes [0.450] sec: <fallback>
[22:48:27.131][info] [#0:script/workspace/loading.lua:181]: Compile files takes [0.000] sec: <fallback>
[22:48:27.131][info] [#0:script/workspace/loading.lua:182]: Loaded finish:	<fallback>
[22:48:27.131][info] [#0:script/workspace/workspace.lua:387]: Preload finish at:	<fallback>
[22:48:27.135][info] [#0:script/workspace/loading.lua:100]: Preload file at: file:///usr/share/nvim/runtime/lua/vim/func/_memoize.lua , size = 1.979 KB
[22:48:27.138][info] [#0:script/workspace/loading.lua:112]: ++++As library of:	file:///usr/share/nvim/runtime/lua
[22:48:27.138][info] [#0:script/workspace/loading.lua:100]: Preload file at: file:///usr/share/nvim/runtime/lua/vim/health/health.lua , size = 12.914 KB
[22:48:27.145][info] [#0:script/workspace/loading.lua:112]: ++++As library of:	file:///usr/share/nvim/runtime/lua
[22:48:27.145][info] [#0:script/workspace/loading.lua:100]: Preload file at: file:///usr/share/nvim/runtime/lua/vim/lsp/_changetracking.lua , size = 11.493 KB
[22:48:27.152][info] [#0:script/workspace/loading.lua:112]: ++++As library of:	file:///usr/share/nvim/runtime/lua
[22:48:27.152][info] [#0:script/workspace/loading.lua:100]: Preload file at: file:///usr/share/nvim/runtime/lua/vim/lsp/_folding_range.lua , size = 11.456 KB
[22:48:27.158][info] [#0:script/workspace/loading.lua:112]: ++++As library of:	file:///usr/share/nvim/runtime/lua
[22:48:27.158][info] [#0:script/workspace/loading.lua:100]: Preload file at: file:///usr/share/nvim/runtime/lua/vim/lsp/_meta/protocol.lua , size = 188.964 KB
[22:48:27.218][info] [#0:script/workspace/loading.lua:112]: ++++As library of:	file:///usr/share/nvim/runtime/lua
[22:48:27.218][info] [#0:script/workspace/loading.lua:100]: Preload file at: file:///usr/share/nvim/runtime/lua/vim/lsp/_meta.lua , size = 0.585 KB
[22:48:27.219][info] [#0:script/workspace/loading.lua:112]: ++++As library of:	file:///usr/share/nvim/runtime/lua
[22:48:27.219][info] [#0:script/workspace/loading.lua:100]: Preload file at: file:///usr/share/nvim/runtime/lua/vim/lsp/_snippet_grammar.lua , size = 6.228 KB
[22:48:27.224][info] [#0:script/workspace/loading.lua:112]: ++++As library of:	file:///usr/share/nvim/runtime/lua
[22:48:27.224][info] [#0:script/workspace/loading.lua:100]: Preload file at: file:///usr/share/nvim/runtime/lua/vim/lsp/_transport.lua , size = 5.152 KB
[22:48:27.228][info] [#0:script/workspace/loading.lua:112]: ++++As library of:	file:///usr/share/nvim/runtime/lua
[22:48:27.228][info] [#0:script/workspace/loading.lua:100]: Preload file at: file:///usr/share/nvim/runtime/lua/vim/lsp/_tagfunc.lua , size = 3.236 KB
[22:48:27.231][info] [#0:script/workspace/loading.lua:112]: ++++As library of:	file:///usr/share/nvim/runtime/lua
[22:48:27.231][info] [#0:script/workspace/loading.lua:100]: Preload file at: file:///usr/share/nvim/runtime/lua/vim/lsp/_watchfiles.lua , size = 6.813 KB
[22:48:27.235][info] [#0:script/workspace/loading.lua:112]: ++++As library of:	file:///usr/share/nvim/runtime/lua
[22:48:27.235][info] [#0:script/workspace/loading.lua:100]: Preload file at: file:///usr/share/nvim/runtime/lua/vim/lsp/buf.lua , size = 43.300 KB
[22:48:27.314][info] [#0:script/workspace/loading.lua:112]: ++++As library of:	file:///usr/share/nvim/runtime/lua
[22:48:27.314][info] [#0:script/workspace/loading.lua:100]: Preload file at: file:///usr/share/nvim/runtime/lua/vim/lsp/client.lua , size = 40.722 KB
[22:48:27.340][info] [#0:script/workspace/loading.lua:112]: ++++As library of:	file:///usr/share/nvim/runtime/lua
[22:48:27.340][info] [#0:script/workspace/loading.lua:100]: Preload file at: file:///usr/share/nvim/runtime/lua/vim/lsp/codelens.lua , size = 9.245 KB
[22:48:27.346][info] [#0:script/workspace/loading.lua:112]: ++++As library of:	file:///usr/share/nvim/runtime/lua
[22:48:27.347][info] [#0:script/workspace/loading.lua:100]: Preload file at: file:///usr/share/nvim/runtime/lua/vim/lsp/diagnostic.lua , size = 11.849 KB
[22:48:27.353][info] [#0:script/workspace/loading.lua:112]: ++++As library of:	file:///usr/share/nvim/runtime/lua
[22:48:27.354][info] [#0:script/workspace/loading.lua:100]: Preload file at: file:///usr/share/nvim/runtime/lua/vim/lsp/completion.lua , size = 27.140 KB
[22:48:27.367][info] [#0:script/workspace/loading.lua:112]: ++++As library of:	file:///usr/share/nvim/runtime/lua
[22:48:27.368][info] [#0:script/workspace/loading.lua:100]: Preload file at: file:///usr/share/nvim/runtime/lua/vim/lsp/health.lua , size = 7.345 KB
[22:48:27.372][info] [#0:script/workspace/loading.lua:112]: ++++As library of:	file:///usr/share/nvim/runtime/lua
[22:48:27.372][info] [#0:script/workspace/loading.lua:100]: Preload file at: file:///usr/share/nvim/runtime/lua/vim/lsp/handlers.lua , size = 24.316 KB
[22:48:27.384][info] [#0:script/workspace/loading.lua:112]: ++++As library of:	file:///usr/share/nvim/runtime/lua
[22:48:27.384][info] [#0:script/workspace/loading.lua:100]: Preload file at: file:///usr/share/nvim/runtime/lua/vim/lsp/log.lua , size = 5.593 KB
[22:48:27.387][info] [#0:script/workspace/loading.lua:112]: ++++As library of:	file:///usr/share/nvim/runtime/lua
[22:48:27.387][info] [#0:script/workspace/loading.lua:100]: Preload file at: file:///usr/share/nvim/runtime/lua/vim/lsp/inlay_hint.lua , size = 11.941 KB
[22:48:27.393][info] [#0:script/workspace/loading.lua:112]: ++++As library of:	file:///usr/share/nvim/runtime/lua
[22:48:27.393][info] [#0:script/workspace/loading.lua:100]: Preload file at: file:///usr/share/nvim/runtime/lua/vim/lsp/protocol.lua , size = 45.016 KB
[22:48:27.403][info] [#0:script/workspace/loading.lua:112]: ++++As library of:	file:///usr/share/nvim/runtime/lua
[22:48:27.403][info] [#0:script/workspace/loading.lua:100]: Preload file at: file:///usr/share/nvim/runtime/lua/vim/lsp/semantic_tokens.lua , size = 27.239 KB
[22:48:27.415][info] [#0:script/workspace/loading.lua:112]: ++++As library of:	file:///usr/share/nvim/runtime/lua
[22:48:27.415][info] [#0:script/workspace/loading.lua:100]: Preload file at: file:///usr/share/nvim/runtime/lua/vim/lsp/sync.lua , size = 15.728 KB
[22:48:27.422][info] [#0:script/workspace/loading.lua:112]: ++++As library of:	file:///usr/share/nvim/runtime/lua
[22:48:27.422][info] [#0:script/workspace/loading.lua:100]: Preload file at: file:///usr/share/nvim/runtime/lua/vim/lsp/rpc.lua , size = 22.153 KB
[22:48:27.433][info] [#0:script/workspace/loading.lua:112]: ++++As library of:	file:///usr/share/nvim/runtime/lua
[22:48:27.434][info] [#0:script/workspace/loading.lua:100]: Preload file at: file:///usr/share/nvim/runtime/lua/vim/lsp/util.lua , size = 75.079 KB
[22:48:27.477][info] [#0:script/workspace/loading.lua:112]: ++++As library of:	file:///usr/share/nvim/runtime/lua
[22:48:27.477][info] [#0:script/workspace/loading.lua:100]: Preload file at: file:///usr/share/nvim/runtime/lua/vim/provider/perl.lua , size = 1.998 KB
[22:48:27.479][info] [#0:script/workspace/loading.lua:112]: ++++As library of:	file:///usr/share/nvim/runtime/lua
[22:48:27.479][info] [#0:script/workspace/loading.lua:100]: Preload file at: file:///usr/share/nvim/runtime/lua/vim/provider/health.lua , size = 29.483 KB
[22:48:27.493][info] [#0:script/workspace/loading.lua:112]: ++++As library of:	file:///usr/share/nvim/runtime/lua
[22:48:27.493][info] [#0:script/workspace/loading.lua:100]: Preload file at: file:///usr/share/nvim/runtime/lua/vim/provider/python.lua , size = 4.292 KB
[22:48:27.495][info] [#0:script/workspace/loading.lua:112]: ++++As library of:	file:///usr/share/nvim/runtime/lua
[22:48:27.495][info] [#0:script/workspace/loading.lua:100]: Preload file at: file:///usr/share/nvim/runtime/lua/vim/provider/ruby.lua , size = 1.563 KB
[22:48:27.497][info] [#0:script/workspace/loading.lua:112]: ++++As library of:	file:///usr/share/nvim/runtime/lua
[22:48:27.497][info] [#0:script/workspace/loading.lua:100]: Preload file at: file:///usr/share/nvim/runtime/lua/vim/treesitter/_meta/misc.lua , size = 2.809 KB
[22:48:27.499][info] [#0:script/workspace/loading.lua:112]: ++++As library of:	file:///usr/share/nvim/runtime/lua
[22:48:27.500][info] [#0:script/workspace/loading.lua:100]: Preload file at: file:///usr/share/nvim/runtime/lua/vim/treesitter/_meta/tsnode.lua , size = 5.839 KB
[22:48:27.503][info] [#0:script/workspace/loading.lua:112]: ++++As library of:	file:///usr/share/nvim/runtime/lua
[22:48:27.503][info] [#0:script/workspace/loading.lua:100]: Preload file at: file:///usr/share/nvim/runtime/lua/vim/treesitter/_meta/tsquery.lua , size = 1.860 KB
[22:48:27.504][info] [#0:script/workspace/loading.lua:112]: ++++As library of:	file:///usr/share/nvim/runtime/lua
[22:48:27.504][info] [#0:script/workspace/loading.lua:100]: Preload file at: file:///usr/share/nvim/runtime/lua/vim/treesitter/_meta/tstree.lua , size = 1.252 KB
[22:48:27.505][info] [#0:script/workspace/loading.lua:112]: ++++As library of:	file:///usr/share/nvim/runtime/lua
[22:48:27.505][info] [#0:script/workspace/loading.lua:100]: Preload file at: file:///usr/share/nvim/runtime/lua/vim/treesitter/_fold.lua , size = 14.803 KB
[22:48:27.512][info] [#0:script/workspace/loading.lua:112]: ++++As library of:	file:///usr/share/nvim/runtime/lua
[22:48:27.512][info] [#0:script/workspace/loading.lua:100]: Preload file at: file:///usr/share/nvim/runtime/lua/vim/treesitter/_headings.lua , size = 3.985 KB
[22:48:27.515][info] [#0:script/workspace/loading.lua:112]: ++++As library of:	file:///usr/share/nvim/runtime/lua
[22:48:27.515][info] [#0:script/workspace/loading.lua:100]: Preload file at: file:///usr/share/nvim/runtime/lua/vim/treesitter/_query_linter.lua , size = 7.818 KB
[22:48:27.520][info] [#0:script/workspace/loading.lua:112]: ++++As library of:	file:///usr/share/nvim/runtime/lua
[22:48:27.520][info] [#0:script/workspace/loading.lua:100]: Preload file at: file:///usr/share/nvim/runtime/lua/vim/treesitter/_range.lua , size = 3.923 KB
[22:48:27.523][info] [#0:script/workspace/loading.lua:112]: ++++As library of:	file:///usr/share/nvim/runtime/lua
[22:48:27.523][info] [#0:script/workspace/loading.lua:100]: Preload file at: file:///usr/share/nvim/runtime/lua/vim/treesitter/health.lua , size = 2.054 KB
[22:48:27.525][info] [#0:script/workspace/loading.lua:112]: ++++As library of:	file:///usr/share/nvim/runtime/lua
[22:48:27.525][info] [#0:script/workspace/loading.lua:100]: Preload file at: file:///usr/share/nvim/runtime/lua/vim/treesitter/dev.lua , size = 21.149 KB
[22:48:27.537][info] [#0:script/workspace/loading.lua:112]: ++++As library of:	file:///usr/share/nvim/runtime/lua
[22:48:27.537][info] [#0:script/workspace/loading.lua:100]: Preload file at: file:///usr/share/nvim/runtime/lua/vim/treesitter/highlighter.lua , size = 16.760 KB
[22:48:27.547][info] [#0:script/workspace/loading.lua:112]: ++++As library of:	file:///usr/share/nvim/runtime/lua
[22:48:27.547][info] [#0:script/workspace/loading.lua:100]: Preload file at: file:///usr/share/nvim/runtime/lua/vim/treesitter/language.lua , size = 5.382 KB
[22:48:27.550][info] [#0:script/workspace/loading.lua:112]: ++++As library of:	file:///usr/share/nvim/runtime/lua
[22:48:27.551][info] [#0:script/workspace/loading.lua:100]: Preload file at: file:///usr/share/nvim/runtime/lua/vim/treesitter/languagetree.lua , size = 40.306 KB
[22:48:27.574][info] [#0:script/workspace/loading.lua:112]: ++++As library of:	file:///usr/share/nvim/runtime/lua
[22:48:27.575][info] [#0:script/workspace/loading.lua:100]: Preload file at: file:///usr/share/nvim/runtime/lua/vim/treesitter/query.lua , size = 37.730 KB
[22:48:27.670][info] [#0:script/workspace/loading.lua:112]: ++++As library of:	file:///usr/share/nvim/runtime/lua
[22:48:27.670][info] [#0:script/workspace/loading.lua:100]: Preload file at: file:///usr/share/nvim/runtime/lua/vim/ui/clipboard/osc52.lua , size = 2.146 KB
[22:48:27.672][info] [#0:script/workspace/loading.lua:112]: ++++As library of:	file:///usr/share/nvim/runtime/lua
[22:48:27.672][info] [#0:script/workspace/loading.lua:100]: Preload file at: file:///usr/share/nvim/runtime/lua/vim/_buf.lua , size = 0.764 KB
[22:48:27.673][info] [#0:script/workspace/loading.lua:112]: ++++As library of:	file:///usr/share/nvim/runtime/lua
[22:48:27.673][info] [#0:script/workspace/loading.lua:100]: Preload file at: file:///usr/share/nvim/runtime/lua/vim/F.lua , size = 1.076 KB
[22:48:27.674][info] [#0:script/workspace/loading.lua:112]: ++++As library of:	file:///usr/share/nvim/runtime/lua
[22:48:27.674][info] [#0:script/workspace/loading.lua:100]: Preload file at: file:///usr/share/nvim/runtime/lua/vim/_comment.lua , size = 8.967 KB
[22:48:27.681][info] [#0:script/workspace/loading.lua:112]: ++++As library of:	file:///usr/share/nvim/runtime/lua
[22:48:27.681][info] [#0:script/workspace/loading.lua:100]: Preload file at: file:///usr/share/nvim/runtime/lua/vim/_defaults.lua , size = 32.409 KB
[22:48:27.698][info] [#0:script/workspace/loading.lua:112]: ++++As library of:	file:///usr/share/nvim/runtime/lua
[22:48:27.699][info] [#0:script/workspace/loading.lua:100]: Preload file at: file:///usr/share/nvim/runtime/lua/vim/_editor.lua , size = 44.538 KB
[22:48:27.721][info] [#0:script/workspace/loading.lua:112]: ++++As library of:	file:///usr/share/nvim/runtime/lua
[22:48:27.725][info] [#0:script/workspace/loading.lua:100]: Preload file at: file:///usr/share/nvim/runtime/lua/vim/_init_packages.lua , size = 3.023 KB
[22:48:27.727][info] [#0:script/workspace/loading.lua:112]: ++++As library of:	file:///usr/share/nvim/runtime/lua
[22:48:27.727][info] [#0:script/workspace/loading.lua:100]: Preload file at: file:///usr/share/nvim/runtime/lua/vim/_inspector.lua , size = 7.873 KB
[22:48:27.732][info] [#0:script/workspace/loading.lua:112]: ++++As library of:	file:///usr/share/nvim/runtime/lua
[22:48:27.732][info] [#0:script/workspace/loading.lua:100]: Preload file at: file:///usr/share/nvim/runtime/lua/vim/_meta.lua , size = 1.002 KB
[22:48:27.733][info] [#0:script/workspace/loading.lua:112]: ++++As library of:	file:///usr/share/nvim/runtime/lua
[22:48:27.733][info] [#0:script/workspace/loading.lua:100]: Preload file at: file:///usr/share/nvim/runtime/lua/vim/_options.lua , size = 25.508 KB
[22:48:27.744][info] [#0:script/workspace/loading.lua:112]: ++++As library of:	file:///usr/share/nvim/runtime/lua
[22:48:27.744][info] [#0:script/workspace/loading.lua:100]: Preload file at: file:///usr/share/nvim/runtime/lua/vim/_system.lua , size = 9.857 KB
[22:48:27.751][info] [#0:script/workspace/loading.lua:112]: ++++As library of:	file:///usr/share/nvim/runtime/lua
[22:48:27.751][info] [#0:script/workspace/loading.lua:100]: Preload file at: file:///usr/share/nvim/runtime/lua/vim/_watch.lua , size = 9.718 KB
[22:48:27.756][info] [#0:script/workspace/loading.lua:112]: ++++As library of:	file:///usr/share/nvim/runtime/lua
[22:48:27.756][info] [#0:script/workspace/loading.lua:100]: Preload file at: file:///usr/share/nvim/runtime/lua/vim/diagnostic.lua , size = 85.088 KB
[22:48:27.801][info] [#0:script/workspace/loading.lua:112]: ++++As library of:	file:///usr/share/nvim/runtime/lua
[22:48:27.801][info] [#0:script/workspace/loading.lua:100]: Preload file at: file:///usr/share/nvim/runtime/lua/vim/fs.lua , size = 24.465 KB
[22:48:27.817][info] [#0:script/workspace/loading.lua:112]: ++++As library of:	file:///usr/share/nvim/runtime/lua
[22:48:27.817][info] [#0:script/workspace/loading.lua:100]: Preload file at: file:///usr/share/nvim/runtime/lua/vim/func.lua , size = 1.950 KB
[22:48:27.818][info] [#0:script/workspace/loading.lua:112]: ++++As library of:	file:///usr/share/nvim/runtime/lua
[22:48:27.818][info] [#0:script/workspace/loading.lua:100]: Preload file at: file:///usr/share/nvim/runtime/lua/vim/glob.lua , size = 3.312 KB
[22:48:27.821][info] [#0:script/workspace/loading.lua:112]: ++++As library of:	file:///usr/share/nvim/runtime/lua
[22:48:27.821][info] [#0:script/workspace/loading.lua:100]: Preload file at: file:///usr/share/nvim/runtime/lua/vim/health.lua , size = 15.774 KB
[22:48:27.830][info] [#0:script/workspace/loading.lua:112]: ++++As library of:	file:///usr/share/nvim/runtime/lua
[22:48:27.830][info] [#0:script/workspace/loading.lua:100]: Preload file at: file:///usr/share/nvim/runtime/lua/vim/filetype.lua , size = 78.884 KB
[22:48:27.867][info] [#0:script/workspace/loading.lua:112]: ++++As library of:	file:///usr/share/nvim/runtime/lua
[22:48:27.867][info] [#0:script/workspace/loading.lua:100]: Preload file at: file:///usr/share/nvim/runtime/lua/vim/hl.lua , size = 6.054 KB
[22:48:27.871][info] [#0:script/workspace/loading.lua:112]: ++++As library of:	file:///usr/share/nvim/runtime/lua
[22:48:27.871][info] [#0:script/workspace/loading.lua:100]: Preload file at: file:///usr/share/nvim/runtime/lua/vim/inspect.lua , size = 8.899 KB
[22:48:27.876][info] [#0:script/workspace/loading.lua:112]: ++++As library of:	file:///usr/share/nvim/runtime/lua
[22:48:27.876][info] [#0:script/workspace/loading.lua:100]: Preload file at: file:///usr/share/nvim/runtime/lua/vim/iter.lua , size = 25.930 KB
[22:48:27.892][info] [#0:script/workspace/loading.lua:112]: ++++As library of:	file:///usr/share/nvim/runtime/lua
[22:48:27.892][info] [#0:script/workspace/loading.lua:100]: Preload file at: file:///usr/share/nvim/runtime/lua/vim/keymap.lua , size = 3.683 KB
[22:48:27.894][info] [#0:script/workspace/loading.lua:112]: ++++As library of:	file:///usr/share/nvim/runtime/lua
[22:48:27.894][info] [#0:script/workspace/loading.lua:100]: Preload file at: file:///usr/share/nvim/runtime/lua/vim/loader.lua , size = 14.564 KB
[22:48:27.904][info] [#0:script/workspace/loading.lua:112]: ++++As library of:	file:///usr/share/nvim/runtime/lua
[22:48:27.904][info] [#0:script/workspace/loading.lua:100]: Preload file at: file:///usr/share/nvim/runtime/lua/vim/lsp.lua , size = 53.119 KB
[22:48:27.931][info] [#0:script/workspace/loading.lua:112]: ++++As library of:	file:///usr/share/nvim/runtime/lua
[22:48:27.932][info] [#0:script/workspace/loading.lua:100]: Preload file at: file:///usr/share/nvim/runtime/lua/vim/provider.lua , size = 0.197 KB
[22:48:27.932][info] [#0:script/workspace/loading.lua:112]: ++++As library of:	file:///usr/share/nvim/runtime/lua
[22:48:27.932][info] [#0:script/workspace/loading.lua:100]: Preload file at: file:///usr/share/nvim/runtime/lua/vim/re.lua , size = 6.527 KB
[22:48:27.938][info] [#0:script/workspace/loading.lua:112]: ++++As library of:	file:///usr/share/nvim/runtime/lua
[22:48:27.938][info] [#0:script/workspace/loading.lua:100]: Preload file at: file:///usr/share/nvim/runtime/lua/vim/secure.lua , size = 6.484 KB
[22:48:27.943][info] [#0:script/workspace/loading.lua:112]: ++++As library of:	file:///usr/share/nvim/runtime/lua
[22:48:27.943][info] [#0:script/workspace/loading.lua:100]: Preload file at: file:///usr/share/nvim/runtime/lua/vim/snippet.lua , size = 19.841 KB
[22:48:27.958][info] [#0:script/workspace/loading.lua:112]: ++++As library of:	file:///usr/share/nvim/runtime/lua
[22:48:27.958][info] [#0:script/workspace/loading.lua:100]: Preload file at: file:///usr/share/nvim/runtime/lua/vim/shared.lua , size = 40.562 KB
[22:48:27.987][info] [#0:script/workspace/loading.lua:112]: ++++As library of:	file:///usr/share/nvim/runtime/lua
[22:48:27.987][info] [#0:script/workspace/loading.lua:100]: Preload file at: file:///usr/share/nvim/runtime/lua/vim/termcap.lua , size = 2.952 KB
[22:48:27.989][info] [#0:script/workspace/loading.lua:112]: ++++As library of:	file:///usr/share/nvim/runtime/lua
[22:48:27.989][info] [#0:script/workspace/loading.lua:100]: Preload file at: file:///usr/share/nvim/runtime/lua/vim/text.lua , size = 4.512 KB
[22:48:27.993][info] [#0:script/workspace/loading.lua:112]: ++++As library of:	file:///usr/share/nvim/runtime/lua
[22:48:27.993][info] [#0:script/workspace/loading.lua:100]: Preload file at: file:///usr/share/nvim/runtime/lua/vim/treesitter.lua , size = 15.239 KB
[22:48:28.003][info] [#0:script/workspace/loading.lua:112]: ++++As library of:	file:///usr/share/nvim/runtime/lua
[22:48:28.003][info] [#0:script/workspace/loading.lua:100]: Preload file at: file:///usr/share/nvim/runtime/lua/vim/ui.lua , size = 7.683 KB
[22:48:28.008][info] [#0:script/workspace/loading.lua:112]: ++++As library of:	file:///usr/share/nvim/runtime/lua
[22:48:28.008][info] [#0:script/workspace/loading.lua:100]: Preload file at: file:///usr/share/nvim/runtime/lua/vim/uri.lua , size = 3.614 KB
[22:48:28.011][info] [#0:script/workspace/loading.lua:112]: ++++As library of:	file:///usr/share/nvim/runtime/lua
[22:48:28.011][info] [#0:script/workspace/loading.lua:100]: Preload file at: file:///usr/share/nvim/runtime/lua/vim/version.lua , size = 13.624 KB
[22:48:28.020][info] [#0:script/workspace/loading.lua:112]: ++++As library of:	file:///usr/share/nvim/runtime/lua
[22:48:28.020][info] [#0:script/workspace/loading.lua:100]: Preload file at: file:///usr/share/nvim/runtime/lua/coxpcall.lua , size = 3.672 KB
[22:48:28.022][info] [#0:script/workspace/loading.lua:112]: ++++As library of:	file:///usr/share/nvim/runtime/lua
[22:48:28.022][info] [#0:script/workspace/loading.lua:100]: Preload file at: file:///usr/share/nvim/runtime/lua/editorconfig.lua , size = 11.232 KB
[22:48:28.028][info] [#0:script/workspace/loading.lua:112]: ++++As library of:	file:///usr/share/nvim/runtime/lua
[22:48:28.028][info] [#0:script/workspace/loading.lua:100]: Preload file at: file:///usr/share/nvim/runtime/lua/_vim9script.lua , size = 15.423 KB
[22:48:28.039][info] [#0:script/workspace/loading.lua:112]: ++++As library of:	file:///usr/share/nvim/runtime/lua
[22:48:28.039][info] [#0:script/workspace/loading.lua:100]: Preload file at: file:///usr/share/nvim/runtime/lua/man.lua , size = 23.335 KB
[22:48:28.055][info] [#0:script/workspace/loading.lua:112]: ++++As library of:	file:///usr/share/nvim/runtime/lua
[22:48:28.056][info] [#0:script/workspace/loading.lua:100]: Preload file at: file:///usr/share/nvim/runtime/lua/tohtml.lua , size = 43.272 KB
[22:48:28.186][warn] [#0:script/files.lua:556]: Parse LuaDoc of [file:///usr/share/nvim/runtime/lua/tohtml.lua] takes [0.108] sec, size [44.311] kb.
[22:48:28.191][info] [#0:script/workspace/loading.lua:112]: ++++As library of:	file:///usr/share/nvim/runtime/lua
[22:48:28.192][info] [#0:script/workspace/loading.lua:100]: Preload file at: file:///home/henry/.local/share/nvim/mason/packages/lua-language-server/libexec/meta/LuaJIT%20en-us%20utf8/io.lua , size = 6.364 KB
[22:48:28.200][info] [#0:script/workspace/loading.lua:112]: ++++As library of:	file:///home/henry/.local/share/nvim/mason/packages/lua-language-server/libexec/meta/LuaJIT%20en-us%20utf8/io.lua
[22:48:28.200][info] [#0:script/workspace/loading.lua:100]: Preload file at: file:///home/henry/.local/share/nvim/mason/packages/lua-language-server/libexec/meta/LuaJIT%20en-us%20utf8/coroutine.lua , size = 2.541 KB
[22:48:28.203][info] [#0:script/workspace/loading.lua:112]: ++++As library of:	file:///home/henry/.local/share/nvim/mason/packages/lua-language-server/libexec/meta/LuaJIT%20en-us%20utf8/coroutine.lua
[22:48:28.203][info] [#0:script/workspace/loading.lua:100]: Preload file at: file:///home/henry/.local/share/nvim/mason/packages/lua-language-server/libexec/meta/LuaJIT%20en-us%20utf8/debug.lua , size = 7.310 KB
[22:48:28.213][info] [#0:script/workspace/loading.lua:112]: ++++As library of:	file:///home/henry/.local/share/nvim/mason/packages/lua-language-server/libexec/meta/LuaJIT%20en-us%20utf8/debug.lua
[22:48:28.213][info] [#0:script/workspace/loading.lua:100]: Preload file at: file:///home/henry/.local/share/nvim/mason/packages/lua-language-server/libexec/meta/LuaJIT%20en-us%20utf8/string.lua , size = 5.217 KB
[22:48:28.220][info] [#0:script/workspace/loading.lua:112]: ++++As library of:	file:///home/henry/.local/share/nvim/mason/packages/lua-language-server/libexec/meta/LuaJIT%20en-us%20utf8/string.lua
[22:48:28.220][info] [#0:script/workspace/loading.lua:100]: Preload file at: file:///home/henry/.local/share/nvim/mason/packages/lua-language-server/libexec/meta/LuaJIT%20en-us%20utf8/bit.lua , size = 1.243 KB
[22:48:28.224][info] [#0:script/workspace/loading.lua:112]: ++++As library of:	file:///home/henry/.local/share/nvim/mason/packages/lua-language-server/libexec/meta/LuaJIT%20en-us%20utf8/bit.lua
[22:48:28.224][info] [#0:script/workspace/loading.lua:100]: Preload file at: file:///home/henry/.local/share/nvim/mason/packages/lua-language-server/libexec/meta/LuaJIT%20en-us%20utf8/math.lua , size = 7.982 KB
[22:48:28.233][info] [#0:script/workspace/loading.lua:112]: ++++As library of:	file:///home/henry/.local/share/nvim/mason/packages/lua-language-server/libexec/meta/LuaJIT%20en-us%20utf8/math.lua
[22:48:28.233][warn] [#0:script/proto/proto.lua:189]: Method [textDocument/semanticTokens/full] takes [1.598]sec. {
  _closeMessage = "Request cancelled.",
  _closeReason = -32800,
  id = 16,
  jsonrpc = "2.0",
  method = "textDocument/semanticTokens/full",
  params = {
    textDocument = {
      uri = "file:///home/henry/dotfiles/neovim/lazyvim/nvim/lua/plugins/colorscheme.lua"
    }
  }
}
[22:48:28.234][info] [#0:script/workspace/loading.lua:100]: Preload file at: file:///home/henry/.local/share/nvim/mason/packages/lua-language-server/libexec/meta/LuaJIT%20en-us%20utf8/jit/profile.lua , size = 0.348 KB
[22:48:28.235][info] [#0:script/workspace/loading.lua:112]: ++++As library of:	file:///home/henry/.local/share/nvim/mason/packages/lua-language-server/libexec/meta/LuaJIT%20en-us%20utf8/jit/profile.lua
[22:48:28.236][info] [#0:script/workspace/loading.lua:100]: Preload file at: file:///home/henry/dotfiles/neovim/lazyvim/nvim/lua/config/autocmds.lua , size = 0.414 KB
[22:48:28.236][info] [#0:script/workspace/loading.lua:112]: ++++As library of:	file:///home/henry/dotfiles/neovim/lazyvim/nvim/lua
[22:48:28.237][info] [#0:script/workspace/loading.lua:100]: Preload file at: file:///home/henry/dotfiles/neovim/lazyvim/nvim/lua/config/lazy.lua , size = 1.812 KB
[22:48:28.239][info] [#0:script/workspace/loading.lua:112]: ++++As library of:	file:///home/henry/dotfiles/neovim/lazyvim/nvim/lua
[22:48:28.239][info] [#0:script/workspace/loading.lua:100]: Preload file at: file:///home/henry/dotfiles/neovim/lazyvim/nvim/lua/config/options.lua , size = 0.316 KB
[22:48:28.239][info] [#0:script/workspace/loading.lua:112]: ++++As library of:	file:///home/henry/dotfiles/neovim/lazyvim/nvim/lua
[22:48:28.239][info] [#0:script/workspace/loading.lua:100]: Preload file at: file:///home/henry/dotfiles/neovim/lazyvim/nvim/lua/config/keymaps.lua , size = 0.170 KB
[22:48:28.240][info] [#0:script/workspace/loading.lua:112]: ++++As library of:	file:///home/henry/dotfiles/neovim/lazyvim/nvim/lua
[22:48:28.240][info] [#0:script/workspace/loading.lua:100]: Preload file at: file:///home/henry/dotfiles/neovim/lazyvim/nvim/lua/plugins/example.lua , size = 5.171 KB
[22:48:28.242][info] [#0:script/workspace/loading.lua:112]: ++++As library of:	file:///home/henry/dotfiles/neovim/lazyvim/nvim/lua
[22:48:28.243][info] [#0:script/workspace/loading.lua:100]: Preload file at: file:///home/henry/dotfiles/neovim/lazyvim/nvim/lua/plugins/telescope.lua , size = 0.236 KB
[22:48:28.243][info] [#0:script/workspace/loading.lua:112]: ++++As library of:	file:///home/henry/dotfiles/neovim/lazyvim/nvim/lua
[22:48:28.243][info] [#0:script/workspace/loading.lua:100]: Preload file at: file:///home/henry/dotfiles/neovim/lazyvim/nvim/lua/plugins/vim-tmux-navigator.lua , size = 0.518 KB
[22:48:28.244][info] [#0:script/workspace/loading.lua:112]: ++++As library of:	file:///home/henry/dotfiles/neovim/lazyvim/nvim/lua
[22:48:28.244][info] [#0:script/workspace/loading.lua:88]: Skip loaded file: file:///home/henry/dotfiles/neovim/lazyvim/nvim/lua/plugins/colorscheme.lua
[22:48:28.244][info] [#0:script/workspace/loading.lua:112]: ++++As library of:	file:///home/henry/dotfiles/neovim/lazyvim/nvim/lua
[22:48:28.244][info] [#0:script/workspace/loading.lua:100]: Preload file at: file:///home/henry/dotfiles/neovim/lazyvim/nvim/lua/plugins/fzf-lua.lua , size = 0.778 KB
[22:48:28.245][info] [#0:script/workspace/loading.lua:112]: ++++As library of:	file:///home/henry/dotfiles/neovim/lazyvim/nvim/lua
[22:48:28.245][info] [#0:script/workspace/loading.lua:100]: Preload file at: file:///home/henry/.local/share/nvim/mason/packages/lua-language-server/libexec/meta/LuaJIT%20en-us%20utf8/string/buffer.lua , size = 18.123 KB
[22:48:28.251][info] [#0:script/workspace/loading.lua:112]: ++++As library of:	file:///home/henry/.local/share/nvim/mason/packages/lua-language-server/libexec/meta/LuaJIT%20en-us%20utf8/string/buffer.lua
[22:48:28.251][info] [#0:script/workspace/loading.lua:100]: Preload file at: file:///home/henry/.local/share/nvim/mason/packages/lua-language-server/libexec/meta/LuaJIT%20en-us%20utf8/jit.lua , size = 0.884 KB
[22:48:28.252][info] [#0:script/workspace/loading.lua:112]: ++++As library of:	file:///home/henry/.local/share/nvim/mason/packages/lua-language-server/libexec/meta/LuaJIT%20en-us%20utf8/jit.lua
[22:48:28.252][info] [#0:script/workspace/loading.lua:100]: Preload file at: file:///home/henry/.local/share/nvim/mason/packages/lua-language-server/libexec/meta/LuaJIT%20en-us%20utf8/package.lua , size = 2.699 KB
[22:48:28.254][info] [#0:script/workspace/loading.lua:112]: ++++As library of:	file:///home/henry/.local/share/nvim/mason/packages/lua-language-server/libexec/meta/LuaJIT%20en-us%20utf8/package.lua
[22:48:28.254][info] [#0:script/workspace/loading.lua:100]: Preload file at: file:///home/henry/.local/share/nvim/mason/packages/lua-language-server/libexec/meta/LuaJIT%20en-us%20utf8/basic.lua , size = 15.443 KB
[22:48:28.264][info] [#0:script/workspace/loading.lua:112]: ++++As library of:	file:///home/henry/.local/share/nvim/mason/packages/lua-language-server/libexec/meta/LuaJIT%20en-us%20utf8/basic.lua
[22:48:28.264][info] [#0:script/workspace/loading.lua:100]: Preload file at: file:///home/henry/.local/share/nvim/mason/packages/lua-language-server/libexec/meta/LuaJIT%20en-us%20utf8/table/clear.lua , size = 0.797 KB
[22:48:28.265][info] [#0:script/workspace/loading.lua:112]: ++++As library of:	file:///home/henry/.local/share/nvim/mason/packages/lua-language-server/libexec/meta/LuaJIT%20en-us%20utf8/table/clear.lua
[22:48:28.265][info] [#0:script/workspace/loading.lua:100]: Preload file at: file:///home/henry/.local/share/nvim/mason/packages/lua-language-server/libexec/meta/LuaJIT%20en-us%20utf8/os.lua , size = 5.611 KB
[22:48:28.268][info] [#0:script/workspace/loading.lua:112]: ++++As library of:	file:///home/henry/.local/share/nvim/mason/packages/lua-language-server/libexec/meta/LuaJIT%20en-us%20utf8/os.lua
[22:48:28.268][info] [#0:script/workspace/loading.lua:100]: Preload file at: file:///home/henry/.local/share/nvim/mason/packages/lua-language-server/libexec/meta/LuaJIT%20en-us%20utf8/ffi.lua , size = 2.529 KB
[22:48:28.271][info] [#0:script/workspace/loading.lua:112]: ++++As library of:	file:///home/henry/.local/share/nvim/mason/packages/lua-language-server/libexec/meta/LuaJIT%20en-us%20utf8/ffi.lua
[22:48:28.272][info] [#0:script/workspace/loading.lua:100]: Preload file at: file:///home/henry/.local/share/nvim/mason/packages/lua-language-server/libexec/meta/LuaJIT%20en-us%20utf8/table.lua , size = 4.445 KB
[22:48:28.275][info] [#0:script/workspace/loading.lua:112]: ++++As library of:	file:///home/henry/.local/share/nvim/mason/packages/lua-language-server/libexec/meta/LuaJIT%20en-us%20utf8/table.lua
[22:48:28.275][info] [#0:script/workspace/loading.lua:100]: Preload file at: file:///home/henry/.local/share/nvim/mason/packages/lua-language-server/libexec/meta/LuaJIT%20en-us%20utf8/table/new.lua , size = 0.642 KB
[22:48:28.275][info] [#0:script/workspace/loading.lua:112]: ++++As library of:	file:///home/henry/.local/share/nvim/mason/packages/lua-language-server/libexec/meta/LuaJIT%20en-us%20utf8/table/new.lua
[22:48:28.276][info] [#0:script/workspace/loading.lua:100]: Preload file at: file:///home/henry/.local/share/nvim/mason/packages/lua-language-server/libexec/meta/LuaJIT%20en-us%20utf8/jit/util.lua , size = 1.984 KB
[22:48:28.278][info] [#0:script/workspace/loading.lua:112]: ++++As library of:	file:///home/henry/.local/share/nvim/mason/packages/lua-language-server/libexec/meta/LuaJIT%20en-us%20utf8/jit/util.lua
[22:48:28.278][info] [#0:script/workspace/loading.lua:100]: Preload file at: file:///home/henry/dotfiles/neovim/lazyvim/nvim/init.lua , size = 0.070 KB
[22:48:28.381][info] [#0:script/workspace/loading.lua:172]: Loaded files takes [1.597] sec: file:///home/henry/dotfiles/neovim/lazyvim/nvim
[22:48:28.381][info] [#0:script/workspace/loading.lua:181]: Compile files takes [0.000] sec: file:///home/henry/dotfiles/neovim/lazyvim/nvim
[22:48:28.381][info] [#0:script/workspace/loading.lua:182]: Loaded finish:	file:///home/henry/dotfiles/neovim/lazyvim/nvim
[22:48:28.381][info] [#0:script/workspace/workspace.lua:387]: Preload finish at:	file:///home/henry/dotfiles/neovim/lazyvim/nvim
[22:48:28.425][warn] [#0:script/proto/proto.lua:189]: Method [textDocument/didOpen] takes [1.759]sec. {
  jsonrpc = "2.0",
  method = "textDocument/didOpen",
  params = {
    textDocument = {
      languageId = "lua",
      text = '"***"',
      uri = "file:///home/henry/dotfiles/neovim/lazyvim/nvim/lua/plugins/colorscheme.lua",
      version = 0
    }
  }
}
[22:48:28.426][info] [#0:script/provider/diagnostic.lua:560]: Diagnostics scope [file:///home/henry/dotfiles/neovim/lazyvim/nvim], files count:[133]
[22:48:28.427][warn] [#0:script/proto/proto.lua:189]: Method [textDocument/inlayHint] takes [1.692]sec. {
  id = 7,
  jsonrpc = "2.0",
  method = "textDocument/inlayHint",
  params = {
    range = {
      end = {
        character = 0,
        line = 1
      },
      start = {
        character = 0,
        line = 0
      }
    },
    textDocument = {
      uri = "file:///home/henry/dotfiles/neovim/lazyvim/nvim/lua/plugins/colorscheme.lua"
    }
  }
}
[22:48:28.427][warn] [#0:script/proto/proto.lua:189]: Method [textDocument/inlayHint] takes [1.692]sec. {
  id = 9,
  jsonrpc = "2.0",
  method = "textDocument/inlayHint",
  params = {
    range = {
      end = {
        character = 0,
        line = 1
      },
      start = {
        character = 0,
        line = 0
      }
    },
    textDocument = {
      uri = "file:///home/henry/dotfiles/neovim/lazyvim/nvim/lua/plugins/colorscheme.lua"
    }
  }
}
[22:48:28.427][warn] [#0:script/proto/proto.lua:189]: Method [textDocument/inlayHint] takes [1.692]sec. {
  id = 11,
  jsonrpc = "2.0",
  method = "textDocument/inlayHint",
  params = {
    range = {
      end = {
        character = 0,
        line = 1
      },
      start = {
        character = 0,
        line = 0
      }
    },
    textDocument = {
      uri = "file:///home/henry/dotfiles/neovim/lazyvim/nvim/lua/plugins/colorscheme.lua"
    }
  }
}
[22:48:28.427][warn] [#0:script/proto/proto.lua:189]: Method [textDocument/inlayHint] takes [1.692]sec. {
  id = 13,
  jsonrpc = "2.0",
  method = "textDocument/inlayHint",
  params = {
    range = {
      end = {
        character = 0,
        line = 1
      },
      start = {
        character = 0,
        line = 0
      }
    },
    textDocument = {
      uri = "file:///home/henry/dotfiles/neovim/lazyvim/nvim/lua/plugins/colorscheme.lua"
    }
  }
}
[22:48:28.428][warn] [#0:script/proto/proto.lua:189]: Method [textDocument/inlayHint] takes [1.693]sec. {
  id = 15,
  jsonrpc = "2.0",
  method = "textDocument/inlayHint",
  params = {
    range = {
      end = {
        character = 0,
        line = 1
      },
      start = {
        character = 0,
        line = 0
      }
    },
    textDocument = {
      uri = "file:///home/henry/dotfiles/neovim/lazyvim/nvim/lua/plugins/colorscheme.lua"
    }
  }
}
[22:48:28.428][warn] [#0:script/proto/proto.lua:189]: Method [textDocument/inlayHint] takes [1.693]sec. {
  id = 17,
  jsonrpc = "2.0",
  method = "textDocument/inlayHint",
  params = {
    range = {
      end = {
        character = 0,
        line = 1
      },
      start = {
        character = 0,
        line = 0
      }
    },
    textDocument = {
      uri = "file:///home/henry/dotfiles/neovim/lazyvim/nvim/lua/plugins/colorscheme.lua"
    }
  }
}
[22:48:28.430][warn] [#0:script/proto/proto.lua:189]: Method [textDocument/foldingRange] takes [1.763]sec. {
  id = 5,
  jsonrpc = "2.0",
  method = "textDocument/foldingRange",
  params = {
    textDocument = {
      uri = "file:///home/henry/dotfiles/neovim/lazyvim/nvim/lua/plugins/colorscheme.lua"
    }
  }
}
[22:48:28.433][warn] [#0:script/proto/proto.lua:189]: Method [textDocument/documentSymbol] takes [1.766]sec. {
  id = 4,
  jsonrpc = "2.0",
  method = "textDocument/documentSymbol",
  params = {
    textDocument = {
      uri = "file:///home/henry/dotfiles/neovim/lazyvim/nvim/lua/plugins/colorscheme.lua"
    }
  }
}
[22:48:28.446][info] [#0:script/provider/diagnostic.lua:577]: Diagnostics scope [file:///home/henry/dotfiles/neovim/lazyvim/nvim] finished, takes [0.020] sec.
[22:48:34.603][warn] [#0:script/pub/report.lua:24]: Load proto error:	Disconnected!
